[debug] [2025-05-13T02:35:48.933Z] ----------------------------------------------------------------------
[debug] [2025-05-13T02:35:48.936Z] Command:       C:\Program Files\nodejs\node.exe C:\Users\yunie\AppData\Roaming\npm\node_modules\firebase-tools\lib\bin\firebase.js emulators:start
[debug] [2025-05-13T02:35:48.936Z] CLI Version:   14.3.1
[debug] [2025-05-13T02:35:48.936Z] Platform:      win32
[debug] [2025-05-13T02:35:48.936Z] Node Version:  v20.17.0
[debug] [2025-05-13T02:35:48.936Z] Time:          Mon May 12 2025 22:35:48 GMT-0400 (hora estándar del Atlántico)
[debug] [2025-05-13T02:35:48.936Z] ----------------------------------------------------------------------
[debug] 
[debug] [2025-05-13T02:35:49.130Z] > command requires scopes: ["email","openid","https://www.googleapis.com/auth/cloudplatformprojects.readonly","https://www.googleapis.com/auth/firebase","https://www.googleapis.com/auth/cloud-platform"]
[debug] [2025-05-13T02:35:49.130Z] > authorizing via signed-in user (yunielherrera2008@gmail.com)
[debug] [2025-05-13T02:35:49.200Z] openjdk version "17.0.14" 2025-01-21

[debug] [2025-05-13T02:35:49.201Z] OpenJDK Runtime Environment Temurin-17.0.14+7 (build 17.0.14+7)
OpenJDK 64-Bit Server VM Temurin-17.0.14+7 (build 17.0.14+7, mixed mode, sharing)

[debug] [2025-05-13T02:35:49.220Z] Parsed Java major version: 17
[info] i  emulators: Starting emulators: auth, functions, firestore, extensions {"metadata":{"emulator":{"name":"hub"},"message":"Starting emulators: auth, functions, firestore, extensions"}}
[debug] [2025-05-13T02:35:49.223Z] Checked if tokens are valid: true, expires at: 1747106334721
[debug] [2025-05-13T02:35:49.223Z] Checked if tokens are valid: true, expires at: 1747106334721
[debug] [2025-05-13T02:35:49.225Z] >>> [apiv2][query] GET https://serviceusage.googleapis.com/v1/projects/metroapp-56fb6/services/cloudresourcemanager.googleapis.com [none]
[debug] [2025-05-13T02:35:49.225Z] >>> [apiv2][(partial)header] GET https://serviceusage.googleapis.com/v1/projects/metroapp-56fb6/services/cloudresourcemanager.googleapis.com x-goog-quota-user=projects/metroapp-56fb6
[debug] [2025-05-13T02:35:49.703Z] <<< [apiv2][status] GET https://serviceusage.googleapis.com/v1/projects/metroapp-56fb6/services/cloudresourcemanager.googleapis.com 200
[debug] [2025-05-13T02:35:49.703Z] <<< [apiv2][body] GET https://serviceusage.googleapis.com/v1/projects/metroapp-56fb6/services/cloudresourcemanager.googleapis.com [omitted]
[debug] [2025-05-13T02:35:49.703Z] Checked if tokens are valid: true, expires at: 1747106334721
[debug] [2025-05-13T02:35:49.703Z] Checked if tokens are valid: true, expires at: 1747106334721
[debug] [2025-05-13T02:35:49.703Z] >>> [apiv2][query] GET https://cloudresourcemanager.googleapis.com/v1/projects/metroapp-56fb6 [none]
[debug] [2025-05-13T02:35:50.002Z] <<< [apiv2][status] GET https://cloudresourcemanager.googleapis.com/v1/projects/metroapp-56fb6 200
[debug] [2025-05-13T02:35:50.003Z] <<< [apiv2][body] GET https://cloudresourcemanager.googleapis.com/v1/projects/metroapp-56fb6 {"projectNumber":"602297400143","projectId":"metroapp-56fb6","lifecycleState":"ACTIVE","name":"MetroApp","labels":{"firebase":"enabled","firebase-core":"disabled"},"createTime":"2025-05-01T13:16:35.991031Z"}
[debug] [2025-05-13T02:35:50.018Z] [logging] Logging Emulator only supports listening on one address (127.0.0.1). Not listening on ::1
[debug] [2025-05-13T02:35:50.018Z] [auth] Authentication Emulator only supports listening on one address (127.0.0.1). Not listening on ::1
[debug] [2025-05-13T02:35:50.018Z] [firestore] Firestore Emulator only supports listening on one address (127.0.0.1). Not listening on ::1
[debug] [2025-05-13T02:35:50.018Z] [firestore.websocket] websocket server for firestore only supports listening on one address (127.0.0.1). Not listening on ::1
[debug] [2025-05-13T02:35:50.019Z] assigned listening specs for emulators {"user":{"hub":[{"address":"127.0.0.1","family":"IPv4","port":4400},{"address":"::1","family":"IPv6","port":4400}],"ui":[{"address":"127.0.0.1","family":"IPv4","port":4000},{"address":"::1","family":"IPv6","port":4000}],"logging":[{"address":"127.0.0.1","family":"IPv4","port":4500}],"auth":[{"address":"127.0.0.1","family":"IPv4","port":9099}],"firestore":[{"address":"127.0.0.1","family":"IPv4","port":8080}],"firestore.websocket":[{"address":"127.0.0.1","family":"IPv4","port":9150}]},"metadata":{"message":"assigned listening specs for emulators"}}
[debug] [2025-05-13T02:35:50.023Z] [hub] writing locator at C:\Users\yunie\AppData\Local\Temp\hub-metroapp-56fb6.json
[debug] [2025-05-13T02:35:50.029Z] [Extensions] Started Extensions emulator, this is a noop.
[debug] [2025-05-13T02:35:50.034Z] [functions] Functions Emulator only supports listening on one address (127.0.0.1). Not listening on ::1
[debug] [2025-05-13T02:35:50.034Z] [eventarc] Eventarc Emulator only supports listening on one address (127.0.0.1). Not listening on ::1
[debug] [2025-05-13T02:35:50.034Z] [tasks] Cloud Tasks Emulator only supports listening on one address (127.0.0.1). Not listening on ::1
[debug] [2025-05-13T02:35:50.034Z] late-assigned ports for functions and eventarc emulators {"user":{"hub":[{"address":"127.0.0.1","family":"IPv4","port":4400},{"address":"::1","family":"IPv6","port":4400}],"ui":[{"address":"127.0.0.1","family":"IPv4","port":4000},{"address":"::1","family":"IPv6","port":4000}],"logging":[{"address":"127.0.0.1","family":"IPv4","port":4500}],"auth":[{"address":"127.0.0.1","family":"IPv4","port":9099}],"firestore":[{"address":"127.0.0.1","family":"IPv4","port":8080}],"firestore.websocket":[{"address":"127.0.0.1","family":"IPv4","port":9150}],"functions":[{"address":"127.0.0.1","family":"IPv4","port":5001}],"eventarc":[{"address":"127.0.0.1","family":"IPv4","port":9299}],"tasks":[{"address":"127.0.0.1","family":"IPv4","port":9499}]},"metadata":{"message":"late-assigned ports for functions and eventarc emulators"}}
[warn] !  functions: The following emulators are not running, calls to these services from the Functions emulator will affect production: apphosting, database, hosting, pubsub, storage, dataconnect {"metadata":{"emulator":{"name":"functions"},"message":"The following emulators are not running, calls to these services from the Functions emulator will affect production: \u001b[1mapphosting, database, hosting, pubsub, storage, dataconnect\u001b[22m"}}
[debug] [2025-05-13T02:35:50.094Z] defaultcredentials: writing to file C:\Users\yunie\AppData\Roaming\firebase\yunielherrera2008_gmail_com_application_default_credentials.json
[debug] [2025-05-13T02:35:50.098Z] Setting GAC to C:\Users\yunie\AppData\Roaming\firebase\yunielherrera2008_gmail_com_application_default_credentials.json {"metadata":{"emulator":{"name":"functions"},"message":"Setting GAC to C:\\Users\\yunie\\AppData\\Roaming\\firebase\\yunielherrera2008_gmail_com_application_default_credentials.json"}}
[debug] [2025-05-13T02:35:50.098Z] Checked if tokens are valid: true, expires at: 1747106334721
[debug] [2025-05-13T02:35:50.099Z] Checked if tokens are valid: true, expires at: 1747106334721
[debug] [2025-05-13T02:35:50.099Z] >>> [apiv2][query] GET https://firebase.googleapis.com/v1beta1/projects/metroapp-56fb6/adminSdkConfig [none]
[debug] [2025-05-13T02:35:50.514Z] <<< [apiv2][status] GET https://firebase.googleapis.com/v1beta1/projects/metroapp-56fb6/adminSdkConfig 200
[debug] [2025-05-13T02:35:50.514Z] <<< [apiv2][body] GET https://firebase.googleapis.com/v1beta1/projects/metroapp-56fb6/adminSdkConfig {"projectId":"metroapp-56fb6","storageBucket":"metroapp-56fb6.firebasestorage.app"}
[warn] !  firestore: Cloud Firestore Emulator does not support multiple databases yet. {"metadata":{"emulator":{"name":"firestore"},"message":"Cloud Firestore Emulator does not support multiple databases yet."}}
[warn] !  firestore: Did not find a Cloud Firestore rules file specified in a firebase.json config file. {"metadata":{"emulator":{"name":"firestore"},"message":"Did not find a Cloud Firestore rules file specified in a firebase.json config file."}}
[warn] !  firestore: The emulator will default to allowing all reads and writes. Learn more about this option: https://firebase.google.com/docs/emulator-suite/install_and_configure#security_rules_configuration. {"metadata":{"emulator":{"name":"firestore"},"message":"The emulator will default to allowing all reads and writes. Learn more about this option: https://firebase.google.com/docs/emulator-suite/install_and_configure#security_rules_configuration."}}
[debug] [2025-05-13T02:35:50.530Z] Ignoring unsupported arg: auto_download {"metadata":{"emulator":{"name":"firestore"},"message":"Ignoring unsupported arg: auto_download"}}
[debug] [2025-05-13T02:35:50.530Z] Ignoring unsupported arg: single_project_mode_error {"metadata":{"emulator":{"name":"firestore"},"message":"Ignoring unsupported arg: single_project_mode_error"}}
[debug] [2025-05-13T02:35:50.530Z] Starting Firestore Emulator with command {"binary":"java","args":["-Dgoogle.cloud_firestore.debug_log_level=FINE","-Duser.language=en","-jar","C:\\Users\\yunie\\.cache\\firebase\\emulators\\cloud-firestore-emulator-v1.19.8.jar","--host","127.0.0.1","--port",8080,"--websocket_port",9150,"--project_id","metroapp-56fb6","--single_project_mode",true,"--functions_emulator","127.0.0.1:5001"],"optionalArgs":["port","webchannel_port","host","rules","websocket_port","functions_emulator","seed_from_export","project_id","single_project_mode"],"joinArgs":false,"shell":false,"port":8080} {"metadata":{"emulator":{"name":"firestore"},"message":"Starting Firestore Emulator with command {\"binary\":\"java\",\"args\":[\"-Dgoogle.cloud_firestore.debug_log_level=FINE\",\"-Duser.language=en\",\"-jar\",\"C:\\\\Users\\\\yunie\\\\.cache\\\\firebase\\\\emulators\\\\cloud-firestore-emulator-v1.19.8.jar\",\"--host\",\"127.0.0.1\",\"--port\",8080,\"--websocket_port\",9150,\"--project_id\",\"metroapp-56fb6\",\"--single_project_mode\",true,\"--functions_emulator\",\"127.0.0.1:5001\"],\"optionalArgs\":[\"port\",\"webchannel_port\",\"host\",\"rules\",\"websocket_port\",\"functions_emulator\",\"seed_from_export\",\"project_id\",\"single_project_mode\"],\"joinArgs\":false,\"shell\":false,\"port\":8080}"}}
[info] i  firestore: Firestore Emulator logging to firestore-debug.log {"metadata":{"emulator":{"name":"firestore"},"message":"Firestore Emulator logging to \u001b[1mfirestore-debug.log\u001b[22m"}}
[debug] [2025-05-13T02:35:51.598Z] May 12, 2025 10:35:51 PM com.google.cloud.datastore.emulator.firestore.websocket.WebSocketServer start
INFO: Started WebSocket server on ws://127.0.0.1:9150
 {"metadata":{"emulator":{"name":"firestore"},"message":"May 12, 2025 10:35:51 PM com.google.cloud.datastore.emulator.firestore.websocket.WebSocketServer start\r\nINFO: Started WebSocket server on ws://127.0.0.1:9150\r\n"}}
[debug] [2025-05-13T02:35:51.647Z] API endpoint: http:// {"metadata":{"emulator":{"name":"firestore"},"message":"API endpoint: http://"}}
[debug] [2025-05-13T02:35:51.647Z] 127.0.0.1:8080
If you are using a library that supports the FIRESTORE_EMULATOR_HOST environment variable, run:

   export FIRESTORE_EMULATOR_HOST=127.0.0.1:8080

If you are running a Firestore in Datastore Mode project, run:

   export DATASTORE_EMULATOR_HOST=127.0.0.1:8080

Note: Support for Datastore Mode is in preview. If you encounter any bugs please file at https://github.com/firebase/firebase-tools/issues.
Dev App Server is now running.

 {"metadata":{"emulator":{"name":"firestore"},"message":"127.0.0.1:8080\nIf you are using a library that supports the FIRESTORE_EMULATOR_HOST environment variable, run:\r\n\n   export FIRESTORE_EMULATOR_HOST=127.0.0.1:8080\n\nIf you are running a Firestore in Datastore Mode project, run:\r\n\n   export DATASTORE_EMULATOR_HOST=127.0.0.1:8080\n\nNote: Support for Datastore Mode is in preview. If you encounter any bugs please file at https://github.com/firebase/firebase-tools/issues.\r\nDev App Server is now running.\n\r\n"}}
[info] +  firestore: Firestore Emulator UI websocket is running on 9150. {"metadata":{"emulator":{"name":"firestore"},"message":"Firestore Emulator UI websocket is running on 9150."}}
[debug] [2025-05-13T02:35:56.916Z] [Extensions] Connecting Extensions emulator, this is a noop.
[info] i  functions: Watching "C:\Users\yunie\ProyectoFinalADM\MetroApp\functions" for Cloud Functions... {"metadata":{"emulator":{"name":"functions"},"message":"Watching \"C:\\Users\\yunie\\ProyectoFinalADM\\MetroApp\\functions\" for Cloud Functions..."}}
[debug] [2025-05-13T02:35:56.928Z] Validating nodejs source
[debug] [2025-05-13T02:35:57.843Z] > [functions] package.json contents: {
  "name": "functions",
  "scripts": {
    "lint": "eslint .",
    "build": "tsc",
    "build:watch": "tsc --watch",
    "serve": "npm run build && firebase emulators:start --only functions",
    "shell": "npm run build && firebase functions:shell",
    "start": "npm run shell",
    "deploy": "firebase deploy --only functions",
    "logs": "firebase functions:log"
  },
  "engines": {
    "node": "20"
  },
  "main": "lib/index.js",
  "dependencies": {
    "dotenv": "^16.4.5",
    "express": "^4.18.3",
    "firebase-admin": "^12.0.0",
    "firebase-functions": "^6.3.2",
    "firebase-tools": "^14.3.1",
    "node-fetch": "^2.7.0"
  },
  "devDependencies": {
    "@types/express": "^4.17.21",
    "@types/node": "^20.11.24",
    "@typescript-eslint/eslint-plugin": "^5.12.0",
    "@typescript-eslint/parser": "^5.12.0",
    "eslint": "^8.9.0",
    "eslint-config-google": "^0.14.0",
    "eslint-plugin-import": "^2.25.4",
    "firebase-functions-test": "^3.1.0",
    "typescript": "^5.3.3"
  },
  "private": true
}
[debug] [2025-05-13T02:35:57.843Z] Building nodejs source
[debug] [2025-05-13T02:35:57.843Z] Failed to find version of module node: reached end of search path C:\Users\yunie\ProyectoFinalADM\MetroApp\functions\node_modules
[info] +  functions: Using node@20 from host. 
[info] i  functions: Loaded environment variables from .env. 
[debug] [2025-05-13T02:35:57.848Z] Could not find functions.yaml. Must use http discovery
[debug] [2025-05-13T02:35:57.853Z] Found firebase-functions binary at 'C:\Users\yunie\ProyectoFinalADM\MetroApp\functions\node_modules\.bin\firebase-functions'
[info] Serving at port 8480

[debug] [2025-05-13T02:35:58.456Z] Got response from /__/functions.yaml {"endpoints":{"api":{"availableMemoryMb":null,"timeoutSeconds":null,"minInstances":null,"maxInstances":null,"ingressSettings":null,"concurrency":null,"serviceAccountEmail":null,"vpc":null,"platform":"gcfv2","labels":{},"httpsTrigger":{},"entryPoint":"api"}},"specVersion":"v1alpha1","requiredAPIs":[],"extensions":{}}
[debug] [2025-05-13T02:36:03.493Z] defaultcredentials: writing to file C:\Users\yunie\AppData\Roaming\firebase\yunielherrera2008_gmail_com_application_default_credentials.json
[debug] [2025-05-13T02:36:03.493Z] Setting GAC to C:\Users\yunie\AppData\Roaming\firebase\yunielherrera2008_gmail_com_application_default_credentials.json {"metadata":{"emulator":{"name":"functions"},"message":"Setting GAC to C:\\Users\\yunie\\AppData\\Roaming\\firebase\\yunielherrera2008_gmail_com_application_default_credentials.json"}}
[info] +  functions: Loaded functions definitions from source: api. {"metadata":{"emulator":{"name":"functions"},"message":"Loaded functions definitions from source: api."}}
[info] +  functions[us-central1-api]: http function initialized (http://127.0.0.1:5001/metroapp-56fb6/us-central1/api). {"metadata":{"emulator":{"name":"functions"},"message":"\u001b[1mhttp\u001b[22m function initialized (http://127.0.0.1:5001/metroapp-56fb6/us-central1/api)."}}
[debug] [2025-05-13T02:36:03.501Z] Could not find VSCode notification endpoint: FetchError: request to http://localhost:40001/vscode/notify failed, reason: . If you are not running the Firebase Data Connect VSCode extension, this is expected and not an issue.
[info] 
┌─────────────────────────────────────────────────────────────┐
│ ✔  All emulators ready! It is now safe to connect your app. │
│ i  View Emulator UI at http://127.0.0.1:4000/               │
└─────────────────────────────────────────────────────────────┘

┌────────────────┬────────────────┬──────────────────────────────────┐
│ Emulator       │ Host:Port      │ View in Emulator UI              │
├────────────────┼────────────────┼──────────────────────────────────┤
│ Authentication │ 127.0.0.1:9099 │ http://127.0.0.1:4000/auth       │
├────────────────┼────────────────┼──────────────────────────────────┤
│ Functions      │ 127.0.0.1:5001 │ http://127.0.0.1:4000/functions  │
├────────────────┼────────────────┼──────────────────────────────────┤
│ Firestore      │ 127.0.0.1:8080 │ http://127.0.0.1:4000/firestore  │
├────────────────┼────────────────┼──────────────────────────────────┤
│ Extensions     │ 127.0.0.1:5001 │ http://127.0.0.1:4000/extensions │
└────────────────┴────────────────┴──────────────────────────────────┘
  Emulator Hub host: 127.0.0.1 port: 4400
  Other reserved ports: 4500, 9150
┌─────────────────────────┬───────────────┬─────────────────────┐
│ Extension Instance Name │ Extension Ref │ View in Emulator UI │
└─────────────────────────┴───────────────┴─────────────────────┘
Issues? Report them at https://github.com/firebase/firebase-tools/issues and attach the *-debug.log files.
 
[debug] [2025-05-13T02:36:23.202Z] May 12, 2025 10:36:23 PM com.google.cloud.datastore.emulator.firestore.websocket.WebSocketChannelHandler initChannel
INFO: Connected to new websocket client
 {"metadata":{"emulator":{"name":"firestore"},"message":"May 12, 2025 10:36:23 PM com.google.cloud.datastore.emulator.firestore.websocket.WebSocketChannelHandler initChannel\r\nINFO: Connected to new websocket client\r\n"}}
[debug] [2025-05-13T02:36:23.259Z] May 12, 2025 10:36:23 PM io.netty.channel.DefaultChannelPipeline onUnhandledInboundException
WARNING: An exceptionCaught() event was fired, and it reached at the tail of the pipeline. It usually means the last handler in the pipeline did not handle the exception.
java.io.IOException: An established connection was aborted by the software in your host machine
	at java.base/sun.nio.ch.SocketDispatcher.read0(Native Method)
	at java.base/sun.nio.ch.SocketDispatcher.read(SocketDispatcher.java:46)
	at java.base/sun.nio.ch.IOUtil.readIntoNativeBuffer(IOUtil.java:330)
	at java.base/sun.nio.ch.IOUtil.read(IOUtil.java:284)
	at java.base/sun.nio.ch.IOUtil.read(IOUtil.java:259)
	at java.base/sun.nio.ch.SocketChannelImpl.read(SocketChannelImpl.java:417)
	at io.netty.buffer.PooledByteBuf.setBytes(PooledByteBuf.java:255)
	at io.netty.buffer.AbstractByteBuf.writeBytes(AbstractByteBuf.java:1132)
	at io.netty.channel.socket.nio.NioSocketChannel.doReadBytes(NioSocketChannel.java:356)
	at io.netty.channel.nio.AbstractNioByteChannel$NioByteUnsafe.read(AbstractNioByteChannel.java:151)
	at io.netty.channel.nio.NioEventLoop.processSelectedKey(NioEventLoop.java:788)
	at io.netty.channel.nio.NioEventLoop.processSelectedKeysOptimized(NioEventLoop.java:724)
	at io.netty.channel.nio.NioEventLoop.processSelectedKeys(NioEventLoop.java:650)
	at io.netty.channel.nio.NioEventLoop.run(NioEventLoop.java:562)
	at io.netty.util.concurrent.SingleThreadEventExecutor$4.run(SingleThreadEventExecutor.java:994)
	at io.netty.util.internal.ThreadExecutorMap$2.run(ThreadExecutorMap.java:74)
	at io.netty.util.concurrent.FastThreadLocalRunnable.run(FastThreadLocalRunnable.java:30)
	at java.base/java.lang.Thread.run(Thread.java:840)

 {"metadata":{"emulator":{"name":"firestore"},"message":"May 12, 2025 10:36:23 PM io.netty.channel.DefaultChannelPipeline onUnhandledInboundException\r\nWARNING: An exceptionCaught() event was fired, and it reached at the tail of the pipeline. It usually means the last handler in the pipeline did not handle the exception.\r\njava.io.IOException: An established connection was aborted by the software in your host machine\r\n\tat java.base/sun.nio.ch.SocketDispatcher.read0(Native Method)\r\n\tat java.base/sun.nio.ch.SocketDispatcher.read(SocketDispatcher.java:46)\r\n\tat java.base/sun.nio.ch.IOUtil.readIntoNativeBuffer(IOUtil.java:330)\r\n\tat java.base/sun.nio.ch.IOUtil.read(IOUtil.java:284)\r\n\tat java.base/sun.nio.ch.IOUtil.read(IOUtil.java:259)\r\n\tat java.base/sun.nio.ch.SocketChannelImpl.read(SocketChannelImpl.java:417)\r\n\tat io.netty.buffer.PooledByteBuf.setBytes(PooledByteBuf.java:255)\r\n\tat io.netty.buffer.AbstractByteBuf.writeBytes(AbstractByteBuf.java:1132)\r\n\tat io.netty.channel.socket.nio.NioSocketChannel.doReadBytes(NioSocketChannel.java:356)\r\n\tat io.netty.channel.nio.AbstractNioByteChannel$NioByteUnsafe.read(AbstractNioByteChannel.java:151)\r\n\tat io.netty.channel.nio.NioEventLoop.processSelectedKey(NioEventLoop.java:788)\r\n\tat io.netty.channel.nio.NioEventLoop.processSelectedKeysOptimized(NioEventLoop.java:724)\r\n\tat io.netty.channel.nio.NioEventLoop.processSelectedKeys(NioEventLoop.java:650)\r\n\tat io.netty.channel.nio.NioEventLoop.run(NioEventLoop.java:562)\r\n\tat io.netty.util.concurrent.SingleThreadEventExecutor$4.run(SingleThreadEventExecutor.java:994)\r\n\tat io.netty.util.internal.ThreadExecutorMap$2.run(ThreadExecutorMap.java:74)\r\n\tat io.netty.util.concurrent.FastThreadLocalRunnable.run(FastThreadLocalRunnable.java:30)\r\n\tat java.base/java.lang.Thread.run(Thread.java:840)\r\n\r\n"}}
[debug] [2025-05-13T02:36:23.260Z] May 12, 2025 10:36:23 PM com.google.cloud.datastore.emulator.firestore.websocket.WebSocketChannelHandler channelClosed
INFO: Websocket client disconnected
 {"metadata":{"emulator":{"name":"firestore"},"message":"May 12, 2025 10:36:23 PM com.google.cloud.datastore.emulator.firestore.websocket.WebSocketChannelHandler channelClosed\r\nINFO: Websocket client disconnected\r\n"}}
[debug] [2025-05-13T02:36:23.271Z] May 12, 2025 10:36:23 PM com.google.cloud.datastore.emulator.firestore.websocket.WebSocketChannelHandler initChannel
INFO: Connected to new websocket client
 {"metadata":{"emulator":{"name":"firestore"},"message":"May 12, 2025 10:36:23 PM com.google.cloud.datastore.emulator.firestore.websocket.WebSocketChannelHandler initChannel\r\nINFO: Connected to new websocket client\r\n"}}
[debug] [2025-05-13T02:36:24.953Z] May 12, 2025 10:36:24 PM com.google.cloud.datastore.emulator.firestore.websocket.WebSocketChannelHandler channelClosed
INFO: Websocket client disconnected
 {"metadata":{"emulator":{"name":"firestore"},"message":"May 12, 2025 10:36:24 PM com.google.cloud.datastore.emulator.firestore.websocket.WebSocketChannelHandler channelClosed\r\nINFO: Websocket client disconnected\r\n"}}
[debug] [2025-05-13T02:36:25.091Z] May 12, 2025 10:36:25 PM com.google.cloud.datastore.emulator.firestore.websocket.WebSocketChannelHandler initChannel
INFO: Connected to new websocket client
 {"metadata":{"emulator":{"name":"firestore"},"message":"May 12, 2025 10:36:25 PM com.google.cloud.datastore.emulator.firestore.websocket.WebSocketChannelHandler initChannel\r\nINFO: Connected to new websocket client\r\n"}}
[debug] [2025-05-13T02:36:55.376Z] [work-queue] {"queuedWork":["/metroapp-56fb6/us-central1/api/register-2025-05-13T02:36:55.376Z"],"queueLength":1,"runningWork":[],"workRunningCount":0}
[debug] [2025-05-13T02:36:55.377Z] [work-queue] {"queuedWork":[],"queueLength":0,"runningWork":["/metroapp-56fb6/us-central1/api/register-2025-05-13T02:36:55.376Z"],"workRunningCount":1}
[debug] [2025-05-13T02:36:55.377Z] Accepted request POST /metroapp-56fb6/us-central1/api/register --> us-central1-api
[debug] [2025-05-13T02:36:55.382Z] [functions] Runtime ready! Sending request! {"metadata":{"emulator":{"name":"functions"},"message":"[functions] Runtime ready! Sending request!"}}
[debug] [2025-05-13T02:36:55.383Z] [functions] Got req.url=/metroapp-56fb6/us-central1/api/register, mapping to path=/register {"metadata":{"emulator":{"name":"functions"},"message":"[functions] Got req.url=/metroapp-56fb6/us-central1/api/register, mapping to path=/register"}}
[info] i  functions: Loaded environment variables from .env. 
[debug] [2025-05-13T02:36:55.407Z] [worker-pool] addWorker(us-central1-api) {"metadata":{"emulator":{"name":"functions"},"message":"[worker-pool] addWorker(us-central1-api)"}}
[debug] [2025-05-13T02:36:55.409Z] [worker-pool] Adding worker with key us-central1-api, total=1 {"metadata":{"emulator":{"name":"functions"},"message":"[worker-pool] Adding worker with key us-central1-api, total=1"}}
[debug] [2025-05-13T02:36:56.700Z] [runtime-status] [11980] Resolved module firebase-admin {"declared":true,"installed":true,"version":"12.7.0","resolution":"C:\\Users\\yunie\\ProyectoFinalADM\\MetroApp\\functions\\node_modules\\firebase-admin\\lib\\index.js"} {"metadata":{"emulator":{"name":"functions"},"function":{"name":"us-central1-api"},"extension":{},"message":"[runtime-status] [11980] Resolved module firebase-admin {\"declared\":true,\"installed\":true,\"version\":\"12.7.0\",\"resolution\":\"C:\\\\Users\\\\yunie\\\\ProyectoFinalADM\\\\MetroApp\\\\functions\\\\node_modules\\\\firebase-admin\\\\lib\\\\index.js\"}"}}
[debug] [2025-05-13T02:36:56.701Z] [runtime-status] [11980] Resolved module firebase-functions {"declared":true,"installed":true,"version":"6.3.2","resolution":"C:\\Users\\yunie\\ProyectoFinalADM\\MetroApp\\functions\\node_modules\\firebase-functions\\lib\\v2\\index.js"} {"metadata":{"emulator":{"name":"functions"},"function":{"name":"us-central1-api"},"extension":{},"message":"[runtime-status] [11980] Resolved module firebase-functions {\"declared\":true,\"installed\":true,\"version\":\"6.3.2\",\"resolution\":\"C:\\\\Users\\\\yunie\\\\ProyectoFinalADM\\\\MetroApp\\\\functions\\\\node_modules\\\\firebase-functions\\\\lib\\\\v2\\\\index.js\"}"}}
[debug] [2025-05-13T02:36:56.701Z] [runtime-status] [11980] Outgoing network have been stubbed. [{"name":"http","status":"mocked"},{"name":"http","status":"mocked"},{"name":"https","status":"mocked"},{"name":"https","status":"mocked"},{"name":"net","status":"mocked"}] {"metadata":{"emulator":{"name":"functions"},"function":{"name":"us-central1-api"},"extension":{},"message":"[runtime-status] [11980] Outgoing network have been stubbed. [{\"name\":\"http\",\"status\":\"mocked\"},{\"name\":\"http\",\"status\":\"mocked\"},{\"name\":\"https\",\"status\":\"mocked\"},{\"name\":\"https\",\"status\":\"mocked\"},{\"name\":\"net\",\"status\":\"mocked\"}]"}}
[debug] [2025-05-13T02:36:56.702Z] [runtime-status] [11980] Resolved module firebase-functions {"declared":true,"installed":true,"version":"6.3.2","resolution":"C:\\Users\\yunie\\ProyectoFinalADM\\MetroApp\\functions\\node_modules\\firebase-functions\\lib\\v2\\index.js"} {"metadata":{"emulator":{"name":"functions"},"function":{"name":"us-central1-api"},"extension":{},"message":"[runtime-status] [11980] Resolved module firebase-functions {\"declared\":true,\"installed\":true,\"version\":\"6.3.2\",\"resolution\":\"C:\\\\Users\\\\yunie\\\\ProyectoFinalADM\\\\MetroApp\\\\functions\\\\node_modules\\\\firebase-functions\\\\lib\\\\v2\\\\index.js\"}"}}
[debug] [2025-05-13T02:36:57.040Z] [runtime-status] [11980] Checked functions.config() {"config":{}} {"metadata":{"emulator":{"name":"functions"},"function":{"name":"us-central1-api"},"extension":{},"message":"[runtime-status] [11980] Checked functions.config() {\"config\":{}}"}}
[debug] [2025-05-13T02:36:57.041Z] [runtime-status] [11980] firebase-functions has been stubbed. {"functionsResolution":{"declared":true,"installed":true,"version":"6.3.2","resolution":"C:\\Users\\yunie\\ProyectoFinalADM\\MetroApp\\functions\\node_modules\\firebase-functions\\lib\\v2\\index.js"}} {"metadata":{"emulator":{"name":"functions"},"function":{"name":"us-central1-api"},"extension":{},"message":"[runtime-status] [11980] firebase-functions has been stubbed. {\"functionsResolution\":{\"declared\":true,\"installed\":true,\"version\":\"6.3.2\",\"resolution\":\"C:\\\\Users\\\\yunie\\\\ProyectoFinalADM\\\\MetroApp\\\\functions\\\\node_modules\\\\firebase-functions\\\\lib\\\\v2\\\\index.js\"}}"}}
[debug] [2025-05-13T02:36:57.041Z] [runtime-status] [11980] Resolved module firebase-functions {"declared":true,"installed":true,"version":"6.3.2","resolution":"C:\\Users\\yunie\\ProyectoFinalADM\\MetroApp\\functions\\node_modules\\firebase-functions\\lib\\v2\\index.js"} {"metadata":{"emulator":{"name":"functions"},"function":{"name":"us-central1-api"},"extension":{},"message":"[runtime-status] [11980] Resolved module firebase-functions {\"declared\":true,\"installed\":true,\"version\":\"6.3.2\",\"resolution\":\"C:\\\\Users\\\\yunie\\\\ProyectoFinalADM\\\\MetroApp\\\\functions\\\\node_modules\\\\firebase-functions\\\\lib\\\\v2\\\\index.js\"}"}}
[debug] [2025-05-13T02:36:57.096Z] [runtime-status] [11980] Resolved module firebase-admin {"declared":true,"installed":true,"version":"12.7.0","resolution":"C:\\Users\\yunie\\ProyectoFinalADM\\MetroApp\\functions\\node_modules\\firebase-admin\\lib\\index.js"} {"metadata":{"emulator":{"name":"functions"},"function":{"name":"us-central1-api"},"extension":{},"message":"[runtime-status] [11980] Resolved module firebase-admin {\"declared\":true,\"installed\":true,\"version\":\"12.7.0\",\"resolution\":\"C:\\\\Users\\\\yunie\\\\ProyectoFinalADM\\\\MetroApp\\\\functions\\\\node_modules\\\\firebase-admin\\\\lib\\\\index.js\"}"}}
[debug] [2025-05-13T02:36:57.097Z] [runtime-status] [11980] Resolved module firebase-functions {"declared":true,"installed":true,"version":"6.3.2","resolution":"C:\\Users\\yunie\\ProyectoFinalADM\\MetroApp\\functions\\node_modules\\firebase-functions\\lib\\v2\\index.js"} {"metadata":{"emulator":{"name":"functions"},"function":{"name":"us-central1-api"},"extension":{},"message":"[runtime-status] [11980] Resolved module firebase-functions {\"declared\":true,\"installed\":true,\"version\":\"6.3.2\",\"resolution\":\"C:\\\\Users\\\\yunie\\\\ProyectoFinalADM\\\\MetroApp\\\\functions\\\\node_modules\\\\firebase-functions\\\\lib\\\\v2\\\\index.js\"}"}}
[debug] [2025-05-13T02:36:57.097Z] [runtime-status] [11980] firebase-admin has been stubbed. {"adminResolution":{"declared":true,"installed":true,"version":"12.7.0","resolution":"C:\\Users\\yunie\\ProyectoFinalADM\\MetroApp\\functions\\node_modules\\firebase-admin\\lib\\index.js"}} {"metadata":{"emulator":{"name":"functions"},"function":{"name":"us-central1-api"},"extension":{},"message":"[runtime-status] [11980] firebase-admin has been stubbed. {\"adminResolution\":{\"declared\":true,\"installed\":true,\"version\":\"12.7.0\",\"resolution\":\"C:\\\\Users\\\\yunie\\\\ProyectoFinalADM\\\\MetroApp\\\\functions\\\\node_modules\\\\firebase-admin\\\\lib\\\\index.js\"}}"}}
[debug] [2025-05-13T02:36:57.207Z] [runtime-status] [11980] initializeApp(DEFAULT) {"storageBucket":"metroapp-56fb6.firebasestorage.app","projectId":"metroapp-56fb6"} {"metadata":{"emulator":{"name":"functions"},"function":{"name":"us-central1-api"},"extension":{},"message":"[runtime-status] [11980] initializeApp(DEFAULT) {\"storageBucket\":\"metroapp-56fb6.firebasestorage.app\",\"projectId\":\"metroapp-56fb6\"}"}}
[debug] [2025-05-13T02:36:57.216Z] [runtime-status] [11980] Functions runtime initialized. {"cwd":"C:\\Users\\yunie\\ProyectoFinalADM\\MetroApp\\functions","node_version":"20.17.0"} {"metadata":{"emulator":{"name":"functions"},"function":{"name":"us-central1-api"},"extension":{},"message":"[runtime-status] [11980] Functions runtime initialized. {\"cwd\":\"C:\\\\Users\\\\yunie\\\\ProyectoFinalADM\\\\MetroApp\\\\functions\",\"node_version\":\"20.17.0\"}"}}
[debug] [2025-05-13T02:36:57.217Z] [runtime-status] [11980] Listening to port: \\?\pipe\fire_emu_664738303f95a990 {"metadata":{"emulator":{"name":"functions"},"function":{"name":"us-central1-api"},"extension":{},"message":"[runtime-status] [11980] Listening to port: \\\\?\\pipe\\fire_emu_664738303f95a990"}}
[debug] [2025-05-13T02:36:57.269Z] [worker-us-central1-api-e9c47752-173d-431e-938e-b02b1522a308]: IDLE {"metadata":{"emulator":{"name":"functions"},"function":{"name":"us-central1-api"},"extension":{},"message":"[worker-us-central1-api-e9c47752-173d-431e-938e-b02b1522a308]: IDLE"}}
[debug] [2025-05-13T02:36:57.269Z] [worker-pool] submitRequest(triggerId=us-central1-api) {"metadata":{"emulator":{"name":"functions"},"message":"[worker-pool] submitRequest(triggerId=us-central1-api)"}}
[info] i  functions: Beginning execution of "us-central1-api" {"metadata":{"emulator":{"name":"functions"},"function":{"name":"us-central1-api"},"extension":{},"message":"Beginning execution of \"us-central1-api\""}}
[debug] [2025-05-13T02:36:57.270Z] [worker-us-central1-api-e9c47752-173d-431e-938e-b02b1522a308]: BUSY {"metadata":{"emulator":{"name":"functions"},"function":{"name":"us-central1-api"},"extension":{},"message":"[worker-us-central1-api-e9c47752-173d-431e-938e-b02b1522a308]: BUSY"}}
[debug] [2025-05-13T02:36:57.754Z] May 12, 2025 10:36:57 PM io.gapi.emulators.netty.HttpVersionRoutingHandler channelRead
INFO: Detected HTTP/2 connection.
 {"metadata":{"emulator":{"name":"firestore"},"message":"May 12, 2025 10:36:57 PM io.gapi.emulators.netty.HttpVersionRoutingHandler channelRead\r\nINFO: Detected HTTP/2 connection.\r\n"}}
[debug] [2025-05-13T02:36:58.881Z] >>> [apiv2][query] POST http://127.0.0.1:5001/functions/projects/metroapp-56fb6/trigger_multicast [none]
[debug] [2025-05-13T02:36:58.881Z] >>> [apiv2][body] POST http://127.0.0.1:5001/functions/projects/metroapp-56fb6/trigger_multicast {"eventId":"d373cc82-49b3-4be4-a07a-da6804d14d8e","eventType":"providers/firebase.auth/eventTypes/user.create","resource":{"name":"projects/metroapp-56fb6","service":"firebaseauth.googleapis.com"},"params":{},"timestamp":"2025-05-13T02:36:58.880Z","data":{"uid":"pxaGO08sXaTPoBOFVJ5iJTYUhfLy","email":"yuniel@gmail.com","emailVerified":false,"displayName":"Juan Perez","metadata":{"creationTime":"2025-05-13T02:36:58.879Z","lastSignInTime":"2025-05-13T02:36:58.879Z"},"customClaims":{},"providerData":[{"providerId":"password","email":"yuniel@gmail.com","federatedId":"yuniel@gmail.com","rawId":"yuniel@gmail.com","displayName":"Juan Perez"}]}}
[debug] [2025-05-13T02:36:58.892Z] <<< [apiv2][status] POST http://127.0.0.1:5001/functions/projects/metroapp-56fb6/trigger_multicast 200
[debug] [2025-05-13T02:36:58.893Z] <<< [apiv2][body] POST http://127.0.0.1:5001/functions/projects/metroapp-56fb6/trigger_multicast {"status":"multicast_acknowledged"}
[warn] !  Google API requested!
   - URL: "https://identitytoolkit.googleapis.com/v1/accounts:signInWithPassword?key=AIzaSyCmzje-Px_70ePgQY4tOVX5KxL0okyeUN8"
   - Be careful, this may be a production service. {"metadata":{"emulator":{"name":"functions"},"function":{"name":"us-central1-api"},"extension":{},"message":"Google API requested!\n   - URL: \"https://identitytoolkit.googleapis.com/v1/accounts:signInWithPassword?key=AIzaSyCmzje-Px_70ePgQY4tOVX5KxL0okyeUN8\"\n   - Be careful, this may be a production service."}}
[info] >  Error en /register: Error: INVALID_LOGIN_CREDENTIALS {"user":"Error en /register: Error: INVALID_LOGIN_CREDENTIALS","metadata":{"emulator":{"name":"functions"},"function":{"name":"us-central1-api"},"extension":{},"message":"\u001b[90m> \u001b[39m Error en /register: Error: INVALID_LOGIN_CREDENTIALS"}}
[info] >      at C:\Users\yunie\ProyectoFinalADM\MetroApp\functions\lib\index.js:94:19 {"user":"    at C:\\Users\\yunie\\ProyectoFinalADM\\MetroApp\\functions\\lib\\index.js:94:19","metadata":{"emulator":{"name":"functions"},"function":{"name":"us-central1-api"},"extension":{},"message":"\u001b[90m> \u001b[39m     at C:\\Users\\yunie\\ProyectoFinalADM\\MetroApp\\functions\\lib\\index.js:94:19"}}
[info] >      at process.processTicksAndRejections (node:internal/process/task_queues:95:5) {"user":"    at process.processTicksAndRejections (node:internal/process/task_queues:95:5)","metadata":{"emulator":{"name":"functions"},"function":{"name":"us-central1-api"},"extension":{},"message":"\u001b[90m> \u001b[39m     at process.processTicksAndRejections (node:internal/process/task_queues:95:5)"}}
[debug] [2025-05-13T02:36:59.289Z] Finishing up request with event=pause {"metadata":{"emulator":{"name":"functions"},"function":{"name":"us-central1-api"},"extension":{},"message":"Finishing up request with event=pause"}}
[info] i  functions: Finished "us-central1-api" in 2019.4193ms {"metadata":{"emulator":{"name":"functions"},"function":{"name":"us-central1-api"},"extension":{},"message":"Finished \"us-central1-api\" in 2019.4193ms"}}
[debug] [2025-05-13T02:36:59.292Z] [worker-us-central1-api-e9c47752-173d-431e-938e-b02b1522a308]: IDLE {"metadata":{"emulator":{"name":"functions"},"function":{"name":"us-central1-api"},"extension":{},"message":"[worker-us-central1-api-e9c47752-173d-431e-938e-b02b1522a308]: IDLE"}}
[debug] [2025-05-13T02:36:59.292Z] Finishing up request with event=finish {"metadata":{"emulator":{"name":"functions"},"function":{"name":"us-central1-api"},"extension":{},"message":"Finishing up request with event=finish"}}
[debug] [2025-05-13T02:36:59.293Z] Finishing up request with event=close {"metadata":{"emulator":{"name":"functions"},"function":{"name":"us-central1-api"},"extension":{},"message":"Finishing up request with event=close"}}
[debug] [2025-05-13T02:36:59.293Z] [work-queue] {"queuedWork":[],"queueLength":0,"runningWork":[],"workRunningCount":0}
[debug] [2025-05-13T02:37:09.243Z] May 12, 2025 10:37:09 PM com.google.cloud.datastore.emulator.firestore.websocket.WebSocketChannelHandler channelClosed
INFO: Websocket client disconnected
 {"metadata":{"emulator":{"name":"firestore"},"message":"May 12, 2025 10:37:09 PM com.google.cloud.datastore.emulator.firestore.websocket.WebSocketChannelHandler channelClosed\r\nINFO: Websocket client disconnected\r\n"}}
[debug] [2025-05-13T02:37:09.249Z] May 12, 2025 10:37:09 PM com.google.cloud.datastore.emulator.firestore.websocket.WebSocketChannelHandler initChannel
INFO: Connected to new websocket client
 {"metadata":{"emulator":{"name":"firestore"},"message":"May 12, 2025 10:37:09 PM com.google.cloud.datastore.emulator.firestore.websocket.WebSocketChannelHandler initChannel\r\nINFO: Connected to new websocket client\r\n"}}
[debug] [2025-05-13T02:37:15.376Z] May 12, 2025 10:37:15 PM io.gapi.emulators.netty.HttpVersionRoutingHandler channelRead
INFO: Detected non-HTTP/2 connection.
 {"metadata":{"emulator":{"name":"firestore"},"message":"May 12, 2025 10:37:15 PM io.gapi.emulators.netty.HttpVersionRoutingHandler channelRead\r\nINFO: Detected non-HTTP/2 connection.\r\n"}}
[debug] [2025-05-13T02:37:15.467Z] May 12, 2025 10:37:15 PM io.gapi.emulators.netty.HttpVersionRoutingHandler channelRead
INFO: Detected HTTP/2 connection.
 {"metadata":{"emulator":{"name":"firestore"},"message":"May 12, 2025 10:37:15 PM io.gapi.emulators.netty.HttpVersionRoutingHandler channelRead\r\nINFO: Detected HTTP/2 connection.\r\n"}}
[debug] [2025-05-13T02:37:15.598Z] May 12, 2025 10:37:15 PM io.gapi.emulators.netty.HttpVersionRoutingHandler channelRead
INFO: Detected non-HTTP/2 connection.
 {"metadata":{"emulator":{"name":"firestore"},"message":"May 12, 2025 10:37:15 PM io.gapi.emulators.netty.HttpVersionRoutingHandler channelRead\r\nINFO: Detected non-HTTP/2 connection.\r\n"}}
[debug] [2025-05-13T02:37:15.901Z] May 12, 2025 10:37:15 PM io.gapi.emulators.netty.HttpVersionRoutingHandler channelRead
INFO: Detected non-HTTP/2 connection.
 {"metadata":{"emulator":{"name":"firestore"},"message":"May 12, 2025 10:37:15 PM io.gapi.emulators.netty.HttpVersionRoutingHandler channelRead\r\nINFO: Detected non-HTTP/2 connection.\r\n"}}
[debug] [2025-05-13T02:37:16.004Z] May 12, 2025 10:37:16 PM io.gapi.emulators.netty.HttpVersionRoutingHandler channelRead
INFO: Detected non-HTTP/2 connection.
 {"metadata":{"emulator":{"name":"firestore"},"message":"May 12, 2025 10:37:16 PM io.gapi.emulators.netty.HttpVersionRoutingHandler channelRead\r\nINFO: Detected non-HTTP/2 connection.\r\n"}}
[debug] [2025-05-13T02:37:21.488Z] May 12, 2025 10:37:21 PM io.gapi.emulators.netty.HttpVersionRoutingHandler channelRead
INFO: Detected non-HTTP/2 connection.
 {"metadata":{"emulator":{"name":"firestore"},"message":"May 12, 2025 10:37:21 PM io.gapi.emulators.netty.HttpVersionRoutingHandler channelRead\r\nINFO: Detected non-HTTP/2 connection.\r\n"}}
[debug] [2025-05-13T02:37:21.491Z] May 12, 2025 10:37:21 PM com.google.cloud.datastore.emulator.firestore.webchannel.FirestoreV1WebChannelAdapter$FirestoreListenHandler onClose
INFO: channel closed
 {"metadata":{"emulator":{"name":"firestore"},"message":"May 12, 2025 10:37:21 PM com.google.cloud.datastore.emulator.firestore.webchannel.FirestoreV1WebChannelAdapter$FirestoreListenHandler onClose\r\nINFO: channel closed\r\n"}}
[debug] [2025-05-13T02:40:42.364Z] File C:\Users\yunie\ProyectoFinalADM\MetroApp\functions\src\index.ts changed, reloading triggers {"metadata":{"emulator":{"name":"functions"},"message":"File C:\\Users\\yunie\\ProyectoFinalADM\\MetroApp\\functions\\src\\index.ts changed, reloading triggers"}}
[debug] [2025-05-13T02:40:43.375Z] Validating nodejs source
[debug] [2025-05-13T02:40:44.385Z] > [functions] package.json contents: {
  "name": "functions",
  "scripts": {
    "lint": "eslint .",
    "build": "tsc",
    "build:watch": "tsc --watch",
    "serve": "npm run build && firebase emulators:start --only functions",
    "shell": "npm run build && firebase functions:shell",
    "start": "npm run shell",
    "deploy": "firebase deploy --only functions",
    "logs": "firebase functions:log"
  },
  "engines": {
    "node": "20"
  },
  "main": "lib/index.js",
  "dependencies": {
    "dotenv": "^16.4.5",
    "express": "^4.18.3",
    "firebase-admin": "^12.0.0",
    "firebase-functions": "^6.3.2",
    "firebase-tools": "^14.3.1",
    "node-fetch": "^2.7.0"
  },
  "devDependencies": {
    "@types/express": "^4.17.21",
    "@types/node": "^20.11.24",
    "@typescript-eslint/eslint-plugin": "^5.12.0",
    "@typescript-eslint/parser": "^5.12.0",
    "eslint": "^8.9.0",
    "eslint-config-google": "^0.14.0",
    "eslint-plugin-import": "^2.25.4",
    "firebase-functions-test": "^3.1.0",
    "typescript": "^5.3.3"
  },
  "private": true
}
[debug] [2025-05-13T02:40:44.386Z] Building nodejs source
[debug] [2025-05-13T02:40:44.386Z] Failed to find version of module node: reached end of search path C:\Users\yunie\ProyectoFinalADM\MetroApp\functions\node_modules
[info] +  functions: Using node@20 from host. 
[info] i  functions: Loaded environment variables from .env. 
[debug] [2025-05-13T02:40:44.388Z] Could not find functions.yaml. Must use http discovery
[debug] [2025-05-13T02:40:44.392Z] Found firebase-functions binary at 'C:\Users\yunie\ProyectoFinalADM\MetroApp\functions\node_modules\.bin\firebase-functions'
[info] Serving at port 8930

[debug] [2025-05-13T02:40:44.887Z] Got response from /__/functions.yaml {"endpoints":{"api":{"availableMemoryMb":null,"timeoutSeconds":null,"minInstances":null,"maxInstances":null,"ingressSettings":null,"concurrency":null,"serviceAccountEmail":null,"vpc":null,"platform":"gcfv2","labels":{},"httpsTrigger":{},"entryPoint":"api"}},"specVersion":"v1alpha1","requiredAPIs":[],"extensions":{}}
[debug] [2025-05-13T02:40:49.915Z] defaultcredentials: writing to file C:\Users\yunie\AppData\Roaming\firebase\yunielherrera2008_gmail_com_application_default_credentials.json
[debug] [2025-05-13T02:40:49.916Z] Setting GAC to C:\Users\yunie\AppData\Roaming\firebase\yunielherrera2008_gmail_com_application_default_credentials.json {"metadata":{"emulator":{"name":"functions"},"message":"Setting GAC to C:\\Users\\yunie\\AppData\\Roaming\\firebase\\yunielherrera2008_gmail_com_application_default_credentials.json"}}
[info] +  functions: Loaded functions definitions from source: api. {"metadata":{"emulator":{"name":"functions"},"message":"Loaded functions definitions from source: api."}}
[debug] [2025-05-13T02:40:49.917Z] [worker-pool] Shutting down IDLE worker (us-central1-api) {"metadata":{"emulator":{"name":"functions"},"message":"[worker-pool] Shutting down IDLE worker (us-central1-api)"}}
[debug] [2025-05-13T02:40:49.917Z] [worker-us-central1-api-e9c47752-173d-431e-938e-b02b1522a308]: FINISHING {"metadata":{"emulator":{"name":"functions"},"function":{"name":"us-central1-api"},"extension":{},"message":"[worker-us-central1-api-e9c47752-173d-431e-938e-b02b1522a308]: FINISHING"}}
[debug] [2025-05-13T02:40:49.921Z] May 12, 2025 10:40:49 PM io.netty.channel.DefaultChannelPipeline onUnhandledInboundException
WARNING: An exceptionCaught() event was fired, and it reached at the tail of the pipeline. It usually means the last handler in the pipeline did not handle the exception.
java.net.SocketException: Connection reset
	at java.base/sun.nio.ch.SocketChannelImpl.throwConnectionReset(SocketChannelImpl.java:394)
	at java.base/sun.nio.ch.SocketChannelImpl.read(SocketChannelImpl.java:426)
	at io.netty.buffer.PooledByteBuf.setBytes(PooledByteBuf.java:255)
	at io.netty.buffer.AbstractByteBuf.writeBytes(AbstractByteBuf.java:1132)
	at io.netty.channel.socket.nio.NioSocketChannel.doReadBytes(NioSocketChannel.java:356)
	at io.netty.channel.nio.AbstractNioByteChannel$NioByteUnsafe.read(AbstractNioByteChannel.java:151)
	at io.netty.channel.nio.NioEventLoop.processSelectedKey(NioEventLoop.java:788)
	at io.netty.channel.nio.NioEventLoop.processSelectedKeysOptimized(NioEventLoop.java:724)
	at io.netty.channel.nio.NioEventLoop.processSelectedKeys(NioEventLoop.java:650)
	at io.netty.channel.nio.NioEventLoop.run(NioEventLoop.java:562)
	at io.netty.util.concurrent.SingleThreadEventExecutor$4.run(SingleThreadEventExecutor.java:994)
	at io.netty.util.internal.ThreadExecutorMap$2.run(ThreadExecutorMap.java:74)
	at io.netty.util.concurrent.FastThreadLocalRunnable.run(FastThreadLocalRunnable.java:30)
	at java.base/java.lang.Thread.run(Thread.java:840)

 {"metadata":{"emulator":{"name":"firestore"},"message":"May 12, 2025 10:40:49 PM io.netty.channel.DefaultChannelPipeline onUnhandledInboundException\r\nWARNING: An exceptionCaught() event was fired, and it reached at the tail of the pipeline. It usually means the last handler in the pipeline did not handle the exception.\r\njava.net.SocketException: Connection reset\r\n\tat java.base/sun.nio.ch.SocketChannelImpl.throwConnectionReset(SocketChannelImpl.java:394)\r\n\tat java.base/sun.nio.ch.SocketChannelImpl.read(SocketChannelImpl.java:426)\r\n\tat io.netty.buffer.PooledByteBuf.setBytes(PooledByteBuf.java:255)\r\n\tat io.netty.buffer.AbstractByteBuf.writeBytes(AbstractByteBuf.java:1132)\r\n\tat io.netty.channel.socket.nio.NioSocketChannel.doReadBytes(NioSocketChannel.java:356)\r\n\tat io.netty.channel.nio.AbstractNioByteChannel$NioByteUnsafe.read(AbstractNioByteChannel.java:151)\r\n\tat io.netty.channel.nio.NioEventLoop.processSelectedKey(NioEventLoop.java:788)\r\n\tat io.netty.channel.nio.NioEventLoop.processSelectedKeysOptimized(NioEventLoop.java:724)\r\n\tat io.netty.channel.nio.NioEventLoop.processSelectedKeys(NioEventLoop.java:650)\r\n\tat io.netty.channel.nio.NioEventLoop.run(NioEventLoop.java:562)\r\n\tat io.netty.util.concurrent.SingleThreadEventExecutor$4.run(SingleThreadEventExecutor.java:994)\r\n\tat io.netty.util.internal.ThreadExecutorMap$2.run(ThreadExecutorMap.java:74)\r\n\tat io.netty.util.concurrent.FastThreadLocalRunnable.run(FastThreadLocalRunnable.java:30)\r\n\tat java.base/java.lang.Thread.run(Thread.java:840)\r\n\r\n"}}
[debug] [2025-05-13T02:40:49.929Z] [worker-us-central1-api-e9c47752-173d-431e-938e-b02b1522a308]: exited {"metadata":{"emulator":{"name":"functions"},"function":{"name":"us-central1-api"},"extension":{},"message":"[worker-us-central1-api-e9c47752-173d-431e-938e-b02b1522a308]: exited"}}
[debug] [2025-05-13T02:40:49.929Z] [worker-us-central1-api-e9c47752-173d-431e-938e-b02b1522a308]: FINISHED {"metadata":{"emulator":{"name":"functions"},"function":{"name":"us-central1-api"},"extension":{},"message":"[worker-us-central1-api-e9c47752-173d-431e-938e-b02b1522a308]: FINISHED"}}
